<?xml version="1.0" encoding="UTF-8"?>
<!-- Generated by org.testng.reporters.JUnitReportReporter -->
<testsuite hostname="HP" name="com.test.Firsttest" tests="1" failures="0" timestamp="23 Jul 2016 10:26:40 GMT" time="24.989" errors="0">
  <testcase name="locateelement" time="24.989" classname="com.test.Firsttest"/>
</testsuite> <!-- com.test.Firsttest -->
