<?xml version="1.0" encoding="UTF-8"?>
<!-- Generated by org.testng.reporters.JUnitReportReporter -->
<testsuite hostname="HP" name="MyFruits.priority" tests="5" failures="0" timestamp="30 Jul 2016 11:04:17 GMT" time="0.078" errors="0">
  <testcase name="aaogin" time="0.000" classname="MyFruits.priority"/>
  <testcase name="cegistration" time="0.016" classname="MyFruits.priority"/>
  <testcase name="aeedback" time="0.031" classname="MyFruits.priority"/>
  <testcase name="bogout" time="0.015" classname="MyFruits.priority"/>
  <testcase name="daunch" time="0.016" classname="MyFruits.priority"/>
</testsuite> <!-- MyFruits.priority -->
