<?xml version="1.0" encoding="UTF-8"?>
<!-- Generated by org.testng.reporters.JUnitReportReporter -->
<testsuite hostname="HP" name="MyFruits.property1" tests="1" failures="0" timestamp="7 Aug 2016 06:31:56 GMT" time="31.076" errors="0">
  <testcase name="bundle" time="31.076" classname="MyFruits.property1"/>
</testsuite> <!-- MyFruits.property1 -->
