<?xml version="1.0" encoding="UTF-8"?>
<!-- Generated by org.testng.reporters.JUnitReportReporter -->
<testsuite hostname="HP" name="com.test.grouping" tests="3" failures="0" timestamp="30 Jul 2016 10:36:43 GMT" time="0.047" errors="0">
  <testcase name="test7" time="0.047" classname="com.test.grouping"/>
  <testcase name="test2" time="0.000" classname="com.test.grouping"/>
  <testcase name="test3" time="0.000" classname="com.test.grouping"/>
</testsuite> <!-- com.test.grouping -->
